{"/Users/elalecs/Projects/Utils/laravel-tinker-notebook/src/extension.ts": {"path":"/Users/elalecs/Projects/Utils/laravel-tinker-notebook/src/extension.ts","statementMap":{"0":{"start":{"line":7,"column":0},"end":{"line":7,"column":16}},"1":{"start":{"line":86,"column":0},"end":{"line":86,"column":16}},"2":{"start":{"line":1,"column":0},"end":{"line":1,"column":33}},"3":{"start":{"line":2,"column":0},"end":{"line":2,"column":67}},"4":{"start":{"line":3,"column":0},"end":{"line":3,"column":67}},"5":{"start":{"line":4,"column":0},"end":{"line":4,"column":57}},"6":{"start":{"line":5,"column":0},"end":{"line":5,"column":57}},"7":{"start":{"line":8,"column":4},"end":{"line":8,"column":67}},"8":{"start":{"line":11,"column":26},"end":{"line":11,"column":54}},"9":{"start":{"line":12,"column":27},"end":{"line":12,"column":47}},"10":{"start":{"line":13,"column":27},"end":{"line":13,"column":54}},"11":{"start":{"line":16,"column":30},"end":{"line":16,"column":88}},"12":{"start":{"line":19,"column":23},"end":{"line":64,"column":6}},"13":{"start":{"line":19,"column":102},"end":{"line":64,"column":6}},"14":{"start":{"line":20,"column":23},"end":{"line":20,"column":53}},"15":{"start":{"line":21,"column":8},"end":{"line":24,"column":9}},"16":{"start":{"line":22,"column":12},"end":{"line":22,"column":72}},"17":{"start":{"line":23,"column":12},"end":{"line":23,"column":19}},"18":{"start":{"line":26,"column":8},"end":{"line":63,"column":9}},"19":{"start":{"line":28,"column":29},"end":{"line":28,"column":44}},"20":{"start":{"line":31,"column":12},"end":{"line":34,"column":13}},"21":{"start":{"line":32,"column":16},"end":{"line":32,"column":109}},"22":{"start":{"line":33,"column":16},"end":{"line":33,"column":23}},"23":{"start":{"line":37,"column":29},"end":{"line":37,"column":52}},"24":{"start":{"line":40,"column":30},"end":{"line":40,"column":88}},"25":{"start":{"line":41,"column":12},"end":{"line":44,"column":13}},"26":{"start":{"line":42,"column":16},"end":{"line":42,"column":106}},"27":{"start":{"line":43,"column":16},"end":{"line":43,"column":23}},"28":{"start":{"line":47,"column":12},"end":{"line":47,"column":81}},"29":{"start":{"line":50,"column":27},"end":{"line":54,"column":14}},"30":{"start":{"line":57,"column":12},"end":{"line":59,"column":13}},"31":{"start":{"line":58,"column":16},"end":{"line":58,"column":77}},"32":{"start":{"line":62,"column":12},"end":{"line":62,"column":77}},"33":{"start":{"line":67,"column":29},"end":{"line":80,"column":null}},"34":{"start":{"line":71,"column":35},"end":{"line":71,"column":77}},"35":{"start":{"line":72,"column":16},"end":{"line":78,"column":19}},"36":{"start":{"line":73,"column":20},"end":{"line":77,"column":23}},"37":{"start":{"line":83,"column":4},"end":{"line":83,"column":61}}},"fnMap":{"0":{"name":"activate","decl":{"start":{"line":7,"column":16},"end":{"line":7,"column":24}},"loc":{"start":{"line":7,"column":57},"end":{"line":84,"column":1}}},"1":{"name":"(anonymous_17)","decl":{"start":{"line":19,"column":91},"end":{"line":19,"column":100}},"loc":{"start":{"line":19,"column":102},"end":{"line":64,"column":6}}},"2":{"name":"(anonymous_18)","decl":{"start":{"line":19,"column":102},"end":{"line":19,"column":null}},"loc":{"start":{"line":19,"column":102},"end":{"line":64,"column":5}}},"3":{"name":"(anonymous_19)","decl":{"start":{"line":70,"column":12},"end":{"line":70,"column":29}},"loc":{"start":{"line":70,"column":59},"end":{"line":79,"column":13}}},"4":{"name":"(anonymous_20)","decl":{"start":{"line":72,"column":38},"end":{"line":72,"column":43}},"loc":{"start":{"line":72,"column":46},"end":{"line":78,"column":17}}},"5":{"name":"deactivate","decl":{"start":{"line":86,"column":16},"end":{"line":86,"column":26}},"loc":{"start":{"line":86,"column":26},"end":{"line":88,"column":1}}}},"branchMap":{"0":{"loc":{"start":{"line":21,"column":8},"end":{"line":24,"column":9}},"type":"if","locations":[{"start":{"line":21,"column":8},"end":{"line":24,"column":9}}]},"1":{"loc":{"start":{"line":31,"column":12},"end":{"line":34,"column":13}},"type":"if","locations":[{"start":{"line":31,"column":12},"end":{"line":34,"column":13}}]},"2":{"loc":{"start":{"line":31,"column":16},"end":{"line":31,"column":92}},"type":"binary-expr","locations":[{"start":{"line":31,"column":16},"end":{"line":31,"column":50}},{"start":{"line":31,"column":54},"end":{"line":31,"column":92}}]},"3":{"loc":{"start":{"line":41,"column":12},"end":{"line":44,"column":13}},"type":"if","locations":[{"start":{"line":41,"column":12},"end":{"line":44,"column":13}}]},"4":{"loc":{"start":{"line":57,"column":12},"end":{"line":59,"column":13}},"type":"if","locations":[{"start":{"line":57,"column":12},"end":{"line":59,"column":13}}]}},"s":{"0":0,"1":0,"2":0,"3":0,"4":0,"5":0,"6":0,"7":0,"8":0,"9":0,"10":0,"11":0,"12":0,"13":0,"14":0,"15":0,"16":0,"17":0,"18":0,"19":0,"20":0,"21":0,"22":0,"23":0,"24":0,"25":0,"26":0,"27":0,"28":0,"29":0,"30":0,"31":0,"32":0,"33":0,"34":0,"35":0,"36":0,"37":0},"f":{"0":0,"1":0,"2":0,"3":0,"4":0,"5":0},"b":{"0":[0],"1":[0],"2":[0,0],"3":[0],"4":[0]}}
,"/Users/elalecs/Projects/Utils/laravel-tinker-notebook/src/editor/documentParser.ts": {"path":"/Users/elalecs/Projects/Utils/laravel-tinker-notebook/src/editor/documentParser.ts","statementMap":{"0":{"start":{"line":1,"column":0},"end":{"line":1,"column":33}},"1":{"start":{"line":12,"column":26},"end":{"line":12,"column":58}},"2":{"start":{"line":13,"column":8},"end":{"line":13,"column":71}},"3":{"start":{"line":13,"column":39},"end":{"line":13,"column":69}},"4":{"start":{"line":17,"column":21},"end":{"line":17,"column":39}},"5":{"start":{"line":18,"column":40},"end":{"line":18,"column":42}},"6":{"start":{"line":22,"column":31},"end":{"line":22,"column":62}},"7":{"start":{"line":25,"column":8},"end":{"line":44,"column":9}},"8":{"start":{"line":26,"column":29},"end":{"line":26,"column":61}},"9":{"start":{"line":27,"column":27},"end":{"line":27,"column":77}},"10":{"start":{"line":28,"column":32},"end":{"line":28,"column":47}},"11":{"start":{"line":31,"column":35},"end":{"line":31,"column":62}},"12":{"start":{"line":32,"column":41},"end":{"line":32,"column":43}},"13":{"start":{"line":34,"column":12},"end":{"line":36,"column":13}},"14":{"start":{"line":35,"column":16},"end":{"line":35,"column":57}},"15":{"start":{"line":38,"column":12},"end":{"line":43,"column":15}},"16":{"start":{"line":46,"column":8},"end":{"line":46,"column":26}},"17":{"start":{"line":10,"column":0},"end":{"line":10,"column":13}}},"fnMap":{"0":{"name":"(anonymous_9)","decl":{"start":{"line":11,"column":11},"end":{"line":11,"column":34}},"loc":{"start":{"line":11,"column":91},"end":{"line":14,"column":5}}},"1":{"name":"(anonymous_10)","decl":{"start":{"line":13,"column":30},"end":{"line":13,"column":35}},"loc":{"start":{"line":13,"column":39},"end":{"line":13,"column":69}}},"2":{"name":"(anonymous_11)","decl":{"start":{"line":16,"column":11},"end":{"line":16,"column":28}},"loc":{"start":{"line":16,"column":58},"end":{"line":47,"column":5}}}},"branchMap":{},"s":{"0":0,"1":0,"2":0,"3":0,"4":0,"5":0,"6":0,"7":0,"8":0,"9":0,"10":0,"11":0,"12":0,"13":0,"14":0,"15":0,"16":0,"17":0},"f":{"0":0,"1":0,"2":0},"b":{}}
,"/Users/elalecs/Projects/Utils/laravel-tinker-notebook/src/editor/documentProvider.ts": {"path":"/Users/elalecs/Projects/Utils/laravel-tinker-notebook/src/editor/documentProvider.ts","statementMap":{"0":{"start":{"line":1,"column":0},"end":{"line":1,"column":33}},"1":{"start":{"line":9,"column":16},"end":{"line":9,"column":46}},"2":{"start":{"line":10,"column":16},"end":{"line":10,"column":46}},"3":{"start":{"line":6,"column":12},"end":{"line":6,"column":65}},"4":{"start":{"line":14,"column":8},"end":{"line":14,"column":39}},"5":{"start":{"line":20,"column":8},"end":{"line":20,"column":18}},"6":{"start":{"line":5,"column":0},"end":{"line":5,"column":13}}},"fnMap":{"0":{"name":"(anonymous_9)","decl":{"start":{"line":8,"column":4},"end":{"line":8,"column":null}},"loc":{"start":{"line":10,"column":46},"end":{"line":11,"column":8}}},"1":{"name":"(anonymous_10)","decl":{"start":{"line":13,"column":4},"end":{"line":13,"column":15}},"loc":{"start":{"line":13,"column":26},"end":{"line":15,"column":5}}},"2":{"name":"(anonymous_11)","decl":{"start":{"line":17,"column":11},"end":{"line":17,"column":37}},"loc":{"start":{"line":17,"column":53},"end":{"line":21,"column":5}}}},"branchMap":{},"s":{"0":0,"1":0,"2":0,"3":0,"4":0,"5":0,"6":0},"f":{"0":0,"1":0,"2":0},"b":{}}
,"/Users/elalecs/Projects/Utils/laravel-tinker-notebook/src/editor/resultRenderer.ts": {"path":"/Users/elalecs/Projects/Utils/laravel-tinker-notebook/src/editor/resultRenderer.ts","statementMap":{"0":{"start":{"line":1,"column":0},"end":{"line":1,"column":33}},"1":{"start":{"line":15,"column":8},"end":{"line":20,"column":11}},"2":{"start":{"line":28,"column":25},"end":{"line":28,"column":40}},"3":{"start":{"line":31,"column":8},"end":{"line":36,"column":9}},"4":{"start":{"line":32,"column":12},"end":{"line":32,"column":74}},"5":{"start":{"line":35,"column":12},"end":{"line":35,"column":69}},"6":{"start":{"line":44,"column":25},"end":{"line":44,"column":40}},"7":{"start":{"line":45,"column":28},"end":{"line":45,"column":47}},"8":{"start":{"line":46,"column":26},"end":{"line":46,"column":69}},"9":{"start":{"line":50,"column":8},"end":{"line":54,"column":9}},"10":{"start":{"line":51,"column":12},"end":{"line":51,"column":75}},"11":{"start":{"line":53,"column":12},"end":{"line":53,"column":77}},"12":{"start":{"line":57,"column":8},"end":{"line":59,"column":11}},"13":{"start":{"line":58,"column":12},"end":{"line":58,"column":54}},"14":{"start":{"line":67,"column":56},"end":{"line":67,"column":58}},"15":{"start":{"line":70,"column":23},"end":{"line":70,"column":42}},"16":{"start":{"line":71,"column":53},"end":{"line":81,"column":10}},"17":{"start":{"line":83,"column":8},"end":{"line":83,"column":37}},"18":{"start":{"line":86,"column":8},"end":{"line":86,"column":70}},"19":{"start":{"line":10,"column":0},"end":{"line":10,"column":13}}},"fnMap":{"0":{"name":"(anonymous_16)","decl":{"start":{"line":13,"column":4},"end":{"line":13,"column":16}},"loc":{"start":{"line":13,"column":48},"end":{"line":21,"column":5}}},"1":{"name":"(anonymous_17)","decl":{"start":{"line":23,"column":17},"end":{"line":23,"column":29}},"loc":{"start":{"line":26,"column":31},"end":{"line":37,"column":null}}},"2":{"name":"(anonymous_19)","decl":{"start":{"line":39,"column":18},"end":{"line":39,"column":41}},"loc":{"start":{"line":42,"column":31},"end":{"line":60,"column":null}}},"3":{"name":"(anonymous_21)","decl":{"start":{"line":57,"column":26},"end":{"line":57,"column":37}},"loc":{"start":{"line":57,"column":40},"end":{"line":59,"column":9}}},"4":{"name":"(anonymous_22)","decl":{"start":{"line":62,"column":12},"end":{"line":62,"column":36}},"loc":{"start":{"line":65,"column":31},"end":{"line":87,"column":5}}}},"branchMap":{"0":{"loc":{"start":{"line":31,"column":8},"end":{"line":36,"column":9}},"type":"if","locations":[{"start":{"line":31,"column":8},"end":{"line":36,"column":9}},{"start":{"line":33,"column":15},"end":{"line":36,"column":9}}]},"1":{"loc":{"start":{"line":50,"column":8},"end":{"line":54,"column":9}},"type":"if","locations":[{"start":{"line":50,"column":8},"end":{"line":54,"column":9}},{"start":{"line":52,"column":15},"end":{"line":54,"column":9}}]},"2":{"loc":{"start":{"line":75,"column":33},"end":{"line":77,"column":115}},"type":"cond-expr","locations":[{"start":{"line":76,"column":26},"end":{"line":76,"column":53}},{"start":{"line":77,"column":26},"end":{"line":77,"column":115}}]},"3":{"loc":{"start":{"line":77,"column":74},"end":{"line":77,"column":113}},"type":"cond-expr","locations":[{"start":{"line":77,"column":103},"end":{"line":77,"column":108}},{"start":{"line":77,"column":111},"end":{"line":77,"column":113}}]},"4":{"loc":{"start":{"line":78,"column":27},"end":{"line":78,"column":57}},"type":"cond-expr","locations":[{"start":{"line":78,"column":42},"end":{"line":78,"column":47}},{"start":{"line":78,"column":50},"end":{"line":78,"column":57}}]}},"s":{"0":0,"1":0,"2":0,"3":0,"4":0,"5":0,"6":0,"7":0,"8":0,"9":0,"10":0,"11":0,"12":0,"13":0,"14":0,"15":0,"16":0,"17":0,"18":0,"19":0},"f":{"0":0,"1":0,"2":0,"3":0,"4":0},"b":{"0":[0,0],"1":[0,0],"2":[0,0],"3":[0,0],"4":[0,0]}}
,"/Users/elalecs/Projects/Utils/laravel-tinker-notebook/src/execution/tinkerService.ts": {"path":"/Users/elalecs/Projects/Utils/laravel-tinker-notebook/src/execution/tinkerService.ts","statementMap":{"0":{"start":{"line":1,"column":0},"end":{"line":1,"column":33}},"1":{"start":{"line":2,"column":0},"end":{"line":2,"column":36}},"2":{"start":{"line":3,"column":0},"end":{"line":3,"column":25}},"3":{"start":{"line":4,"column":0},"end":{"line":4,"column":29}},"4":{"start":{"line":5,"column":0},"end":{"line":5,"column":25}},"5":{"start":{"line":15,"column":12},"end":{"line":15,"column":48}},"6":{"start":{"line":18,"column":8},"end":{"line":60,"column":9}},"7":{"start":{"line":20,"column":32},"end":{"line":20,"column":67}},"8":{"start":{"line":21,"column":12},"end":{"line":23,"column":13}},"9":{"start":{"line":22,"column":16},"end":{"line":22,"column":112}},"10":{"start":{"line":26,"column":29},"end":{"line":26,"column":64}},"11":{"start":{"line":29,"column":12},"end":{"line":31,"column":13}},"12":{"start":{"line":30,"column":16},"end":{"line":30,"column":59}},"13":{"start":{"line":35,"column":12},"end":{"line":41,"column":13}},"14":{"start":{"line":37,"column":16},"end":{"line":37,"column":92}},"15":{"start":{"line":40,"column":16},"end":{"line":40,"column":111}},"16":{"start":{"line":44,"column":27},"end":{"line":44,"column":61}},"17":{"start":{"line":47,"column":12},"end":{"line":47,"column":36}},"18":{"start":{"line":49,"column":12},"end":{"line":52,"column":14}},"19":{"start":{"line":55,"column":12},"end":{"line":59,"column":14}},"20":{"start":{"line":65,"column":33},"end":{"line":65,"column":66}},"21":{"start":{"line":66,"column":8},"end":{"line":68,"column":9}},"22":{"start":{"line":67,"column":12},"end":{"line":67,"column":29}},"23":{"start":{"line":71,"column":8},"end":{"line":76,"column":9}},"24":{"start":{"line":72,"column":32},"end":{"line":72,"column":71}},"25":{"start":{"line":73,"column":12},"end":{"line":75,"column":13}},"26":{"start":{"line":74,"column":16},"end":{"line":74,"column":41}},"27":{"start":{"line":80,"column":8},"end":{"line":90,"column":9}},"28":{"start":{"line":81,"column":28},"end":{"line":81,"column":86}},"29":{"start":{"line":82,"column":12},"end":{"line":89,"column":13}},"30":{"start":{"line":83,"column":16},"end":{"line":88,"column":17}},"31":{"start":{"line":84,"column":40},"end":{"line":84,"column":91}},"32":{"start":{"line":85,"column":20},"end":{"line":87,"column":21}},"33":{"start":{"line":86,"column":24},"end":{"line":86,"column":72}},"34":{"start":{"line":92,"column":8},"end":{"line":92,"column":25}},"35":{"start":{"line":96,"column":24},"end":{"line":96,"column":35}},"36":{"start":{"line":97,"column":25},"end":{"line":97,"column":79}},"37":{"start":{"line":99,"column":8},"end":{"line":99,"column":41}},"38":{"start":{"line":100,"column":8},"end":{"line":100,"column":24}},"39":{"start":{"line":104,"column":8},"end":{"line":112,"column":11}},"40":{"start":{"line":105,"column":12},"end":{"line":111,"column":15}},"41":{"start":{"line":106,"column":16},"end":{"line":109,"column":17}},"42":{"start":{"line":107,"column":20},"end":{"line":107,"column":52}},"43":{"start":{"line":108,"column":20},"end":{"line":108,"column":27}},"44":{"start":{"line":110,"column":16},"end":{"line":110,"column":32}},"45":{"start":{"line":14,"column":0},"end":{"line":14,"column":13}}},"fnMap":{"0":{"name":"(anonymous_16)","decl":{"start":{"line":14,"column":0},"end":{"line":14,"column":13}},"loc":{"start":{"line":14,"column":0},"end":{"line":114,"column":1}}},"1":{"name":"(anonymous_17)","decl":{"start":{"line":17,"column":17},"end":{"line":17,"column":28}},"loc":{"start":{"line":17,"column":68},"end":{"line":61,"column":null}}},"2":{"name":"(anonymous_19)","decl":{"start":{"line":63,"column":18},"end":{"line":63,"column":40}},"loc":{"start":{"line":63,"column":40},"end":{"line":93,"column":null}}},"3":{"name":"(anonymous_21)","decl":{"start":{"line":95,"column":18},"end":{"line":95,"column":36}},"loc":{"start":{"line":95,"column":49},"end":{"line":101,"column":null}}},"4":{"name":"(anonymous_23)","decl":{"start":{"line":103,"column":12},"end":{"line":103,"column":26}},"loc":{"start":{"line":103,"column":42},"end":{"line":113,"column":5}}},"5":{"name":"(anonymous_24)","decl":{"start":{"line":104,"column":27},"end":{"line":104,"column":28}},"loc":{"start":{"line":104,"column":47},"end":{"line":112,"column":9}}},"6":{"name":"(anonymous_25)","decl":{"start":{"line":105,"column":57},"end":{"line":105,"column":58}},"loc":{"start":{"line":105,"column":83},"end":{"line":111,"column":13}}}},"branchMap":{"0":{"loc":{"start":{"line":21,"column":12},"end":{"line":23,"column":13}},"type":"if","locations":[{"start":{"line":21,"column":12},"end":{"line":23,"column":13}}]},"1":{"loc":{"start":{"line":29,"column":12},"end":{"line":31,"column":13}},"type":"if","locations":[{"start":{"line":29,"column":12},"end":{"line":31,"column":13}}]},"2":{"loc":{"start":{"line":29,"column":16},"end":{"line":29,"column":57}},"type":"binary-expr","locations":[{"start":{"line":29,"column":16},"end":{"line":29,"column":34}},{"start":{"line":29,"column":38},"end":{"line":29,"column":57}}]},"3":{"loc":{"start":{"line":35,"column":12},"end":{"line":41,"column":13}},"type":"if","locations":[{"start":{"line":35,"column":12},"end":{"line":41,"column":13}},{"start":{"line":38,"column":19},"end":{"line":41,"column":13}}]},"4":{"loc":{"start":{"line":57,"column":23},"end":{"line":57,"column":77}},"type":"cond-expr","locations":[{"start":{"line":57,"column":48},"end":{"line":57,"column":61}},{"start":{"line":57,"column":64},"end":{"line":57,"column":77}}]},"5":{"loc":{"start":{"line":66,"column":8},"end":{"line":68,"column":9}},"type":"if","locations":[{"start":{"line":66,"column":8},"end":{"line":68,"column":9}}]},"6":{"loc":{"start":{"line":73,"column":12},"end":{"line":75,"column":13}},"type":"if","locations":[{"start":{"line":73,"column":12},"end":{"line":75,"column":13}}]},"7":{"loc":{"start":{"line":83,"column":16},"end":{"line":88,"column":17}},"type":"if","locations":[{"start":{"line":83,"column":16},"end":{"line":88,"column":17}}]},"8":{"loc":{"start":{"line":85,"column":20},"end":{"line":87,"column":21}},"type":"if","locations":[{"start":{"line":85,"column":20},"end":{"line":87,"column":21}}]},"9":{"loc":{"start":{"line":106,"column":16},"end":{"line":109,"column":17}},"type":"if","locations":[{"start":{"line":106,"column":16},"end":{"line":109,"column":17}}]},"10":{"loc":{"start":{"line":107,"column":27},"end":{"line":107,"column":50}},"type":"binary-expr","locations":[{"start":{"line":107,"column":27},"end":{"line":107,"column":33}},{"start":{"line":107,"column":37},"end":{"line":107,"column":50}}]}},"s":{"0":0,"1":0,"2":0,"3":0,"4":0,"5":0,"6":0,"7":0,"8":0,"9":0,"10":0,"11":0,"12":0,"13":0,"14":0,"15":0,"16":0,"17":0,"18":0,"19":0,"20":0,"21":0,"22":0,"23":0,"24":0,"25":0,"26":0,"27":0,"28":0,"29":0,"30":0,"31":0,"32":0,"33":0,"34":0,"35":0,"36":0,"37":0,"38":0,"39":0,"40":0,"41":0,"42":0,"43":0,"44":0,"45":0},"f":{"0":0,"1":0,"2":0,"3":0,"4":0,"5":0,"6":0},"b":{"0":[0],"1":[0],"2":[0,0],"3":[0,0],"4":[0,0],"5":[0],"6":[0],"7":[0],"8":[0],"9":[0],"10":[0,0]}}
,"/Users/elalecs/Projects/Utils/laravel-tinker-notebook/src/output/outputParser.ts": {"path":"/Users/elalecs/Projects/Utils/laravel-tinker-notebook/src/output/outputParser.ts","statementMap":{"0":{"start":{"line":8,"column":8},"end":{"line":8,"column":25}},"1":{"start":{"line":4,"column":0},"end":{"line":4,"column":13}}},"fnMap":{"0":{"name":"(anonymous_0)","decl":{"start":{"line":5,"column":11},"end":{"line":5,"column":22}},"loc":{"start":{"line":5,"column":40},"end":{"line":9,"column":5}}}},"branchMap":{},"s":{"0":0,"1":0},"f":{"0":0},"b":{}}
,"/Users/elalecs/Projects/Utils/laravel-tinker-notebook/src/utils/configProvider.ts": {"path":"/Users/elalecs/Projects/Utils/laravel-tinker-notebook/src/utils/configProvider.ts","statementMap":{"0":{"start":{"line":1,"column":0},"end":{"line":1,"column":33}},"1":{"start":{"line":12,"column":23},"end":{"line":12,"column":81}},"2":{"start":{"line":14,"column":8},"end":{"line":18,"column":10}},"3":{"start":{"line":3,"column":0},"end":{"line":3,"column":13}}},"fnMap":{"0":{"name":"(anonymous_9)","decl":{"start":{"line":7,"column":11},"end":{"line":7,"column":17}},"loc":{"start":{"line":7,"column":27},"end":{"line":19,"column":5}}}},"branchMap":{"0":{"loc":{"start":{"line":15,"column":21},"end":{"line":15,"column":59}},"type":"binary-expr","locations":[{"start":{"line":15,"column":21},"end":{"line":15,"column":50}},{"start":{"line":15,"column":54},"end":{"line":15,"column":59}}]},"1":{"loc":{"start":{"line":16,"column":25},"end":{"line":16,"column":71}},"type":"binary-expr","locations":[{"start":{"line":16,"column":25},"end":{"line":16,"column":58}},{"start":{"line":16,"column":62},"end":{"line":16,"column":71}}]},"2":{"loc":{"start":{"line":17,"column":31},"end":{"line":17,"column":79}},"type":"binary-expr","locations":[{"start":{"line":17,"column":31},"end":{"line":17,"column":71}},{"start":{"line":17,"column":75},"end":{"line":17,"column":79}}]}},"s":{"0":0,"1":0,"2":0,"3":0},"f":{"0":0},"b":{"0":[0,0],"1":[0,0],"2":[0,0]}}
,"/Users/elalecs/Projects/Utils/laravel-tinker-notebook/src/utils/laravelDetector.ts": {"path":"/Users/elalecs/Projects/Utils/laravel-tinker-notebook/src/utils/laravelDetector.ts","statementMap":{"0":{"start":{"line":1,"column":0},"end":{"line":1,"column":33}},"1":{"start":{"line":2,"column":0},"end":{"line":2,"column":25}},"2":{"start":{"line":3,"column":0},"end":{"line":3,"column":29}},"3":{"start":{"line":10,"column":33},"end":{"line":10,"column":66}},"4":{"start":{"line":11,"column":8},"end":{"line":13,"column":9}},"5":{"start":{"line":12,"column":12},"end":{"line":12,"column":24}},"6":{"start":{"line":16,"column":8},"end":{"line":21,"column":9}},"7":{"start":{"line":17,"column":32},"end":{"line":17,"column":71}},"8":{"start":{"line":18,"column":12},"end":{"line":20,"column":13}},"9":{"start":{"line":19,"column":16},"end":{"line":19,"column":41}},"10":{"start":{"line":23,"column":8},"end":{"line":23,"column":20}},"11":{"start":{"line":5,"column":0},"end":{"line":5,"column":13}}},"fnMap":{"0":{"name":"(anonymous_9)","decl":{"start":{"line":9,"column":11},"end":{"line":9,"column":17}},"loc":{"start":{"line":9,"column":40},"end":{"line":24,"column":5}}}},"branchMap":{"0":{"loc":{"start":{"line":11,"column":8},"end":{"line":13,"column":9}},"type":"if","locations":[{"start":{"line":11,"column":8},"end":{"line":13,"column":9}}]},"1":{"loc":{"start":{"line":18,"column":12},"end":{"line":20,"column":13}},"type":"if","locations":[{"start":{"line":18,"column":12},"end":{"line":20,"column":13}}]}},"s":{"0":0,"1":0,"2":0,"3":0,"4":0,"5":0,"6":0,"7":0,"8":0,"9":0,"10":0,"11":0},"f":{"0":0},"b":{"0":[0],"1":[0]}}
}
