TN:
SF:src/extension.ts
FN:7,activate
FN:19,(anonymous_17)
FN:19,(anonymous_18)
FN:70,(anonymous_19)
FN:72,(anonymous_20)
FN:86,deactivate
FNF:6
FNH:0
FNDA:0,activate
FNDA:0,(anonymous_17)
FNDA:0,(anonymous_18)
FNDA:0,(anonymous_19)
FNDA:0,(anonymous_20)
FNDA:0,deactivate
DA:1,0
DA:2,0
DA:3,0
DA:4,0
DA:5,0
DA:7,0
DA:8,0
DA:11,0
DA:12,0
DA:13,0
DA:16,0
DA:19,0
DA:20,0
DA:21,0
DA:22,0
DA:23,0
DA:26,0
DA:28,0
DA:31,0
DA:32,0
DA:33,0
DA:37,0
DA:40,0
DA:41,0
DA:42,0
DA:43,0
DA:47,0
DA:50,0
DA:57,0
DA:58,0
DA:62,0
DA:67,0
DA:71,0
DA:72,0
DA:73,0
DA:83,0
DA:86,0
LF:37
LH:0
BRDA:21,0,0,0
BRDA:31,1,0,0
BRDA:31,2,0,0
BRDA:31,2,1,0
BRDA:41,3,0,0
BRDA:57,4,0,0
BRF:6
BRH:0
end_of_record
TN:
SF:src/editor/documentParser.ts
FN:11,(anonymous_9)
FN:13,(anonymous_10)
FN:16,(anonymous_11)
FNF:3
FNH:0
FNDA:0,(anonymous_9)
FNDA:0,(anonymous_10)
FNDA:0,(anonymous_11)
DA:1,0
DA:10,0
DA:12,0
DA:13,0
DA:17,0
DA:18,0
DA:22,0
DA:25,0
DA:26,0
DA:27,0
DA:28,0
DA:31,0
DA:32,0
DA:34,0
DA:35,0
DA:38,0
DA:46,0
LF:17
LH:0
BRF:0
BRH:0
end_of_record
TN:
SF:src/editor/documentProvider.ts
FN:8,(anonymous_9)
FN:13,(anonymous_10)
FN:17,(anonymous_11)
FNF:3
FNH:0
FNDA:0,(anonymous_9)
FNDA:0,(anonymous_10)
FNDA:0,(anonymous_11)
DA:1,0
DA:5,0
DA:6,0
DA:9,0
DA:10,0
DA:14,0
DA:20,0
LF:7
LH:0
BRF:0
BRH:0
end_of_record
TN:
SF:src/editor/resultRenderer.ts
FN:13,(anonymous_16)
FN:23,(anonymous_17)
FN:39,(anonymous_19)
FN:57,(anonymous_21)
FN:62,(anonymous_22)
FNF:5
FNH:0
FNDA:0,(anonymous_16)
FNDA:0,(anonymous_17)
FNDA:0,(anonymous_19)
FNDA:0,(anonymous_21)
FNDA:0,(anonymous_22)
DA:1,0
DA:10,0
DA:15,0
DA:28,0
DA:31,0
DA:32,0
DA:35,0
DA:44,0
DA:45,0
DA:46,0
DA:50,0
DA:51,0
DA:53,0
DA:57,0
DA:58,0
DA:67,0
DA:70,0
DA:71,0
DA:83,0
DA:86,0
LF:20
LH:0
BRDA:31,0,0,0
BRDA:31,0,1,0
BRDA:50,1,0,0
BRDA:50,1,1,0
BRDA:75,2,0,0
BRDA:75,2,1,0
BRDA:77,3,0,0
BRDA:77,3,1,0
BRDA:78,4,0,0
BRDA:78,4,1,0
BRF:10
BRH:0
end_of_record
TN:
SF:src/execution/tinkerService.ts
FN:14,(anonymous_16)
FN:17,(anonymous_17)
FN:63,(anonymous_19)
FN:95,(anonymous_21)
FN:103,(anonymous_23)
FN:104,(anonymous_24)
FN:105,(anonymous_25)
FNF:7
FNH:0
FNDA:0,(anonymous_16)
FNDA:0,(anonymous_17)
FNDA:0,(anonymous_19)
FNDA:0,(anonymous_21)
FNDA:0,(anonymous_23)
FNDA:0,(anonymous_24)
FNDA:0,(anonymous_25)
DA:1,0
DA:2,0
DA:3,0
DA:4,0
DA:5,0
DA:14,0
DA:15,0
DA:18,0
DA:20,0
DA:21,0
DA:22,0
DA:26,0
DA:29,0
DA:30,0
DA:35,0
DA:37,0
DA:40,0
DA:44,0
DA:47,0
DA:49,0
DA:55,0
DA:65,0
DA:66,0
DA:67,0
DA:71,0
DA:72,0
DA:73,0
DA:74,0
DA:80,0
DA:81,0
DA:82,0
DA:83,0
DA:84,0
DA:85,0
DA:86,0
DA:92,0
DA:96,0
DA:97,0
DA:99,0
DA:100,0
DA:104,0
DA:105,0
DA:106,0
DA:107,0
DA:108,0
DA:110,0
LF:46
LH:0
BRDA:21,0,0,0
BRDA:29,1,0,0
BRDA:29,2,0,0
BRDA:29,2,1,0
BRDA:35,3,0,0
BRDA:35,3,1,0
BRDA:57,4,0,0
BRDA:57,4,1,0
BRDA:66,5,0,0
BRDA:73,6,0,0
BRDA:83,7,0,0
BRDA:85,8,0,0
BRDA:106,9,0,0
BRDA:107,10,0,0
BRDA:107,10,1,0
BRF:15
BRH:0
end_of_record
TN:
SF:src/output/outputParser.ts
FN:5,(anonymous_0)
FNF:1
FNH:0
FNDA:0,(anonymous_0)
DA:4,0
DA:8,0
LF:2
LH:0
BRF:0
BRH:0
end_of_record
TN:
SF:src/utils/configProvider.ts
FN:7,(anonymous_9)
FNF:1
FNH:0
FNDA:0,(anonymous_9)
DA:1,0
DA:3,0
DA:12,0
DA:14,0
LF:4
LH:0
BRDA:15,0,0,0
BRDA:15,0,1,0
BRDA:16,1,0,0
BRDA:16,1,1,0
BRDA:17,2,0,0
BRDA:17,2,1,0
BRF:6
BRH:0
end_of_record
TN:
SF:src/utils/laravelDetector.ts
FN:9,(anonymous_9)
FNF:1
FNH:0
FNDA:0,(anonymous_9)
DA:1,0
DA:2,0
DA:3,0
DA:5,0
DA:10,0
DA:11,0
DA:12,0
DA:16,0
DA:17,0
DA:18,0
DA:19,0
DA:23,0
LF:12
LH:0
BRDA:11,0,0,0
BRDA:18,1,0,0
BRF:2
BRH:0
end_of_record
